<?xml version="1.0" encoding="UTF-8"?>
<testng-results skipped="0" failed="0" total="1" passed="1">
  <reporter-output>
  </reporter-output>
  <suite name="Default suite" duration-ms="144412" started-at="2018-08-07T08:53:21Z" finished-at="2018-08-07T08:55:45Z">
    <groups>
    </groups>
    <test name="Default test" duration-ms="144412" started-at="2018-08-07T08:53:21Z" finished-at="2018-08-07T08:55:45Z">
      <class name="com.newtours_register_properties.Newtours_Register">
        <test-method status="PASS" signature="Setup()[pri:0, instance:com.newtours_register_properties.Newtours_Register@100fc185]" name="Setup" is-config="true" duration-ms="6305" started-at="2018-08-07T14:23:21Z" finished-at="2018-08-07T14:23:27Z">
          <reporter-output>
          </reporter-output>
        </test-method> <!-- Setup -->
        <test-method status="PASS" signature="Register()[pri:0, instance:com.newtours_register_properties.Newtours_Register@100fc185]" name="Register" duration-ms="138057" started-at="2018-08-07T14:23:27Z" finished-at="2018-08-07T14:25:45Z">
          <reporter-output>
          </reporter-output>
        </test-method> <!-- Register -->
        <test-method status="PASS" signature="teardown()[pri:0, instance:com.newtours_register_properties.Newtours_Register@100fc185]" name="teardown" is-config="true" duration-ms="32" started-at="2018-08-07T14:25:45Z" finished-at="2018-08-07T14:25:45Z">
          <reporter-output>
          </reporter-output>
        </test-method> <!-- teardown -->
      </class> <!-- com.newtours_register_properties.Newtours_Register -->
    </test> <!-- Default test -->
  </suite> <!-- Default suite -->
</testng-results>
