<?xml version="1.0" encoding="UTF-8"?>
<!-- Generated by org.testng.reporters.JUnitXMLReporter -->
<testsuite hostname="Digi" name="Test" tests="4" failures="1" timestamp="2 Aug 2018 06:18:18 GMT" time="75.859" errors="0">
  <testcase name="Login" time="28.373" classname="com.ConsoleData_Display_Excel.PMS_Login2"/>
  <testcase name="Login" time="0.146" classname="com.ConsoleData_Display_Excel.PMS_Login">
    <failure type="java.lang.NullPointerException">
      <![CDATA[java.lang.NullPointerException
	at com.ConsoleData_Display_Excel.PMS_Login.Login(PMS_Login.java:40)
... Removed 24 stack frames]]>
    </failure>
  </testcase> <!-- Login -->
  <testcase name="Login" time="0.309" classname="com.ConsoleData_Display_Excel.Newtours_Register_Countrynames"/>
  <testcase name="Country" time="16.375" classname="com.ConsoleData_Display_Excel.Newtours_Register_Countrynames"/>
</testsuite> <!-- Test -->
