<?xml version="1.0" encoding="UTF-8"?>
<!-- Generated by org.testng.reporters.JUnitXMLReporter -->
<testsuite hostname="Digi" ignored="2" name="Test" tests="6" failures="5" timestamp="17 Aug 2018 11:35:15 GMT" time="17.995" errors="0">
  <testcase name="@AfterTest teardown" time="0.0" classname="newPMS.SpecialityPage">
    <failure type="java.lang.NullPointerException">
      <![CDATA[java.lang.NullPointerException
at newPMS.SpecialityPage.teardown(SpecialityPage.java:42)
... Removed 24 stack frames]]>
    </failure>
  </testcase> <!-- @AfterTest teardown -->
  <testcase name="login" time="3.657" classname="newPMS.Login_PMS"/>
  <testcase name="login" time="0.002" classname="newPMS.Login_PMS">
    <failure type="java.lang.NullPointerException">
      <![CDATA[java.lang.NullPointerException
at newPMS.Login_PMS.login(Login_PMS.java:25)
... Removed 25 stack frames]]>
    </failure>
  </testcase> <!-- login -->
  <testcase name="login" time="0.001" classname="newPMS.Login_PMS">
    <failure type="java.lang.NullPointerException">
      <![CDATA[java.lang.NullPointerException
at newPMS.Login_PMS.login(Login_PMS.java:25)
... Removed 25 stack frames]]>
    </failure>
  </testcase> <!-- login -->
  <testcase name="Department" time="6.003" classname="newPMS.DepartmentPage">
    <failure type="java.lang.NullPointerException">
      <![CDATA[java.lang.NullPointerException
at newPMS.DepartmentPage.Department(DepartmentPage.java:24)
... Removed 25 stack frames]]>
    </failure>
  </testcase> <!-- Department -->
  <testcase name="Adddata" time="0.002" classname="newPMS.DepartmentPage">
    <failure type="java.lang.NullPointerException">
      <![CDATA[java.lang.NullPointerException
at newPMS.DepartmentPage.Adddata(DepartmentPage.java:45)
... Removed 25 stack frames]]>
    </failure>
  </testcase> <!-- Adddata -->
  <testcase name="Speciality" time="0.002" classname="newPMS.SpecialityPage">
    <failure type="java.lang.NullPointerException">
      <![CDATA[java.lang.NullPointerException
at newPMS.SpecialityPage.Speciality(SpecialityPage.java:20)
... Removed 25 stack frames]]>
    </failure>
  </testcase> <!-- Speciality -->
  <testcase name="@BeforeTest setup" time="0.0" classname="newPMS.Login_PMS">
    <ignored/>
  </testcase> <!-- @BeforeTest setup -->
  <testcase name="@BeforeTest setup" time="0.0" classname="newPMS.Login_PMS">
    <ignored/>
  </testcase> <!-- @BeforeTest setup -->
</testsuite> <!-- Test -->
